2025-06-21 05:31:16,794 DEBUG    root            Loaded Command Group: ['gcloud', 'config']
2025-06-21 05:31:16,869 DEBUG    root            Loaded Command Group: ['gcloud', 'config', 'config_helper']
2025-06-21 05:31:16,872 DEBUG    root            Running [gcloud.config.config-helper] with arguments: [--format: "json", --min-expiry: "1800"]
2025-06-21 05:31:17,565 DEBUG    google.auth.transport.requests Making request: GET http://metadata.google.internal/computeMetadata/v1/instance/service-accounts/336664030467-compute@developer.gserviceaccount.com/?recursive=true
2025-06-21 05:31:17,592 DEBUG    urllib3.connectionpool Starting new HTTP connection (1): metadata.google.internal:80
2025-06-21 05:31:17,596 DEBUG    urllib3.connectionpool http://metadata.google.internal:80 "GET /computeMetadata/v1/instance/service-accounts/336664030467-compute@developer.gserviceaccount.com/?recursive=true HTTP/11" 200 154
2025-06-21 05:31:17,620 DEBUG    google.auth.transport.requests Making request: GET http://metadata.google.internal/computeMetadata/v1/instance/service-accounts/336664030467-compute@developer.gserviceaccount.com/token
2025-06-21 05:31:17,625 DEBUG    urllib3.connectionpool http://metadata.google.internal:80 "GET /computeMetadata/v1/instance/service-accounts/336664030467-compute@developer.gserviceaccount.com/token HTTP/11" 200 869
2025-06-21 05:31:17,658 DEBUG    root            Chosen display Format:default json
2025-06-21 05:31:17,659 INFO     root            Display format: "default json"
2025-06-21 05:31:18,096 INFO     ___FILE_ONLY___ {
  "configuration": {
    "active_configuration": "default",
    "properties": {
      "compute": {
        "region": "us-central1"
      },
      "core": {
        "account": "336664030467-compute@developer.gserviceaccount.com",
        "disable_usage_reporting": "True",
        "project": "operating-realm-460905-q8"
      },
      "dataproc": {
        "region": "us-central1"
      }
    }
  },
  "credential": {
    "access_token": "ya29.c.c0ASRK0Gat9xyZe0rskjQxeu-Ye-Go7qvjaQb8smT26JaycjRM10xVkE7hvGUmeX_p6TOag42yR03Qg3LJ6o5Fmyj5ITT5pYUjWM_yn4IbbdZgnl0aqF8iDCELKXjaRoAboBX_bkxY1ujEi9kZfivh_rym485xs0GDLwdm2JQhe0Py7UHca_nE5Vdu5zDKuXk5MB_koCQHOCIUX_28bs1DrIxDvUzkRIoA-nOWro8Oji4qQnn23bVp8yXyAlolLmhkbysJNgezA3qB8GpABkVngZ4gI2HyrL3dONDCNRSuvOuOWAacXja9qLz8TEAhAkHt3EUgISKQiHpmO2kRxyXUjL4hzQyR-l1LRsRpSrUGTxFbI6MdOTkxZuJEIbZXSZug9toCPHkPynrqwo9knrZmH413Dq7ScW08FYh1fm03JRzps2Qo3Yb0-aSk3bucr1F1Xa69v0uI2kzSp-aSYlkOpd5Vt0OVIZcr99kao-5pQpvBYebjuu19tZySy1Xrl5WdBOB4V-_W6io3x-_UtmSgZSsX2tq1icWuMskzBmOXxaMbarjmc6d858O11floo7ueBX_3wrvxiQlV4aSv7Ztse-vV561h9Zd5R2Bi-aqfUoF5en8ue_mbIq7uYBtdgXavjwzxRpia9arBeZUSMflv1mRxwuFhOWd3fVyq4wojWBqvf4_6cmVFn3keBX5VU1c7gWi_OkyylVaoSxO6suUjr38OB_JqaX7evXyeV5xfqp_S5oJ9klatuB7aZn_scY7g2UQcv2dSuvW0sdfR82eZngFe7-fXmBmSt_9UY1I7w-arwYFsX5zw2jlyuWthXb22gUpkixkgFyqWlcjUi7faZ3xk_Zk5Jm-VQz5VeVw713z0JsYifQwYYR2vmIgWhuXshsOsB7elaOJ-p78fMMsIoZgiQ-wd9Uv4Wsys_t13nW42m5aXvgs-vF7UZiUvg50zF-VOqlz6_tqmzv7wso_eyZVn0Bxc5XJR8VcydrSQwhOJI2nnMiMsdsx",
    "id_token": "eyJhbGciOiJSUzI1NiIsImtpZCI6IjFiYjc3NGJkODcyOWVhMzhlOWMyZmUwYzY0ZDJjYTk0OGJmNjZmMGYiLCJ0eXAiOiJKV1QifQ.eyJhdWQiOiIzMjU1NTk0MDU1OS5hcHBzLmdvb2dsZXVzZXJjb250ZW50LmNvbSIsImF6cCI6IjExMDM2OTk3ODAxMTc0OTM0MDAzMiIsImV4cCI6MTc1MDQ4NzQ3NywiaWF0IjoxNzUwNDgzODc3LCJpc3MiOiJodHRwczovL2FjY291bnRzLmdvb2dsZS5jb20iLCJzdWIiOiIxMTAzNjk5NzgwMTE3NDkzNDAwMzIifQ.WiHKSM63dM5TvXNTbSEo3zt_qwL5oMJQj6XEmpmu8WdZ6-IHhT_83npgfqTHR19S5qr4_dfFYt3kvfpwCjWQPwm3Ck8baXLc0HkjCCfnkGTcW4JgMgC-sy4t9XoYyosDH2pjJrE07q9UG14S2srHv9VBO58K0Z9ElX6yMBGM9Ia86CnOXLEwGg3zqtDRgTx918xreqeGIt-RtC0fOKRUAwASWy33euMbY6XwdjwmbfGnbIEP355mtRlqcAJUHQ2yV5w4NqhsGgDB83C68zGhQMS66767UwIYN0cobyGuaWSw0elV_g0jcMjL89ostvUQpmhK4zQnD3yxi4hdYYyBaA",
    "token_expiry": "2025-06-21T06:30:43Z"
  },
  "sentinels": {
    "config_sentinel": "/home/jupyter/.config/gcloud/config_sentinel"
  }
}
2025-06-21 05:31:18,097 INFO     ___FILE_ONLY___ 

2025-06-21 05:31:18,098 DEBUG    root            SDK update checks are disabled.
