2025-06-01 13:43:34,524 DEBUG    root            Loaded Command Group: ['gcloud', 'config']
2025-06-01 13:43:34,528 DEBUG    root            Loaded Command Group: ['gcloud', 'config', 'config_helper']
2025-06-01 13:43:34,533 DEBUG    root            Running [gcloud.config.config-helper] with arguments: [--format: "json", --min-expiry: "1800"]
2025-06-01 13:43:34,562 DEBUG    root            Chosen display Format:default json
2025-06-01 13:43:34,563 INFO     root            Display format: "default json"
2025-06-01 13:43:34,594 INFO     ___FILE_ONLY___ {
  "configuration": {
    "active_configuration": "default",
    "properties": {
      "compute": {
        "region": "us-central1"
      },
      "core": {
        "account": "336664030467-compute@developer.gserviceaccount.com",
        "disable_usage_reporting": "True",
        "project": "operating-realm-460905-q8"
      },
      "dataproc": {
        "region": "us-central1"
      }
    }
  },
  "credential": {
    "access_token": "ya29.c.c0ASRK0Gb2zd3Wg5axHtg3Zi11t2K2Hs4R63VTppNUPd86bz4xpelCxqTIiXxpFpvDluLwATh0-guhPkDasyfHqxpUE_wnGnwdFcR2IjzM5-A6O2bjlPyH6Rya83sDHBn5o8l440GiDkGn4NlPtnmOyx_jW6J3Yp1073I267WqH42hyYK_MZYPOcAJPRtOyeSSA4nTzjnaGtLUOxXD0a0ARTSiGblC99P18OnzUIsbaJoAP5hWCJkHBWDVuTok1MpogoYetJAk-1JmtMZvbWRDWUf2wGxSsRGxdfXp4PIB2oS7dar4y9RHbT9CqU5LNITvp622HiFIaIndPufy17ULR_0pXIStpOvRcWXOQSGuwVkIm3bJqIhjCEPy6SL14pE3-LHHlD3F4sFXbCaYIk8LG413Dgs4F8ib2dkXf8oSmt282bt-eFfv-rqdgp96b1ZB_ie-5ZaQkQwB2YIRRMWwS7-pkJyuXdB7vchfW07aXdoUO99u9s4oX_0nYxWIncoo6orQtyFMF6qppZkduBr5OY35m8WpMV4Mo6Jm7fmnvrOvq2F--WrorImiVyoej7B9XBkvrgiXlaSr3XbRWighv_rRdof-d8amxpYuFmjWZ6nhIpOy09aMj5dxfQw-kV01WpJenvklc9YboQd4R1scaQ7iWw6JbU7zrp5ha_hdp4fn2py2wVR7nle3ooznkYgVaqt1dB6hzlySkek4BlwqVuM56gas-_2J3tm_I1zWU_IkYf2WI7IOMnzh-Uh9Q81VFmOYhrc00jb763aZBQfZpIS2_I53trrthftUJyx5_xxz_g48R1gq7n71V16iXmSQYfVtFsqB2FFsImmlW9B-2SFludRyprm1spJySIBIgjZgg2Q6x6256g_v7rIexgrwfFyOF6bzk1-WdukmsOxmtQdZOZFu40_m3oyr3BxbUnR7bdpX2F2s8m6V0jlW52gUV1Zx55xoe3aj2xFvnxQWq1ozpJ2ts2VpOX6uZqsZkU47w14O5xs5iww",
    "id_token": "eyJhbGciOiJSUzI1NiIsImtpZCI6ImJhYTY0ZWZjMTNlZjIzNmJlOTIxZjkyMmUzYTY3Y2M5OTQxNWRiOWIiLCJ0eXAiOiJKV1QifQ.eyJhdWQiOiIzMjU1NTk0MDU1OS5hcHBzLmdvb2dsZXVzZXJjb250ZW50LmNvbSIsImF6cCI6IjExMDM2OTk3ODAxMTc0OTM0MDAzMiIsImV4cCI6MTc0ODc4ODg4OCwiaWF0IjoxNzQ4Nzg1Mjg4LCJpc3MiOiJodHRwczovL2FjY291bnRzLmdvb2dsZS5jb20iLCJzdWIiOiIxMTAzNjk5NzgwMTE3NDkzNDAwMzIifQ.eDvGsyCYVpF2YkKRCsuFGbCoOWdH13JZ7-oik6U5CsD4K-yizAHUyjh4_RslWkFTdB1b-9HvZ54SgjU04hSPOkXmOjTHLuwCDtPyzKP8fyVfFmhVCBbJzHiYoMTkVvRyQNBGSIYvFAU6fFgB_BZ3-9WV4MbEQiYCUTfNUYzTPZESHj_rqU8T2ZZMLgkY4LD6Y6IrpZlBazDCXRLniBkOJ1ttRwzB3Ez5kdkHYhJeNaXppcy_x-a3tnTGNXEHPR4VbSOGwDQIdl_lMwgF9EHHAADR0wS8DnQ4GBwmRKT2oMHkcYSigtf3AZNFXF3-r9bG4zg4FipZIziieAMayE7Kag",
    "token_expiry": "2025-06-01T14:41:27Z"
  },
  "sentinels": {
    "config_sentinel": "/home/jupyter/.config/gcloud/config_sentinel"
  }
}
2025-06-01 13:43:34,594 INFO     ___FILE_ONLY___ 

2025-06-01 13:43:34,595 DEBUG    root            SDK update checks are disabled.
